<?xml version="1.0" encoding="UTF-8"?>
<testsuite xmlns:xsi="http://www.w3.org/2001/XMLSchema-instance" xsi:noNamespaceSchemaLocation="https://maven.apache.org/surefire/maven-surefire-plugin/xsd/surefire-test-report.xsd" version="3.0.2" name="app.BackendApplicationTests" time="1.909" tests="1" errors="0" skipped="0" failures="0">
  <properties>
[...]
</properties>
  <testcase name="contextLoads" classname="app.BackendApplicationTests" time="0.024">
    <system-out><![CDATA[21:15:48.768 [main] INFO org.springframework.test.context.support.AnnotationConfigContextLoaderUtils -- Could not detect default configuration classes for test class [app.BackendApplicationTests]: BackendApplicationTests does not declare any static, non-private, non-final, nested classes annotated with @Configuration.
21:15:48.883 [main] INFO org.springframework.boot.test.context.SpringBootTestContextBootstrapper -- Found @SpringBootConfiguration app.BackendApplication for test class app.BackendApplicationTests

  .   ____          _            __ _ _
 /\\ / ___'_ __ _ _(_)_ __  __ _ \ \ \ \
( ( )\___ | '_ | '_| | '_ \/ _` | \ \ \ \
 \\/  ___)| |_)| | | | | || (_| |  ) ) ) )
  '  |____| .__|_| |_|_| |_\__, | / / / /
 =========|_|==============|___/=/_/_/_/

 :: Spring Boot ::                (v4.0.0)

2026-03-20T21:15:49.228+03:00  INFO 12612 --- [           main] app.BackendApplicationTests              : Starting BackendApplicationTests using Java 21.0.9 with PID 12612 (started by ismail in C:\Users\ismail\Desktop\University_Student_Club_Platform\backend)
2026-03-20T21:15:49.230+03:00  INFO 12612 --- [           main] app.BackendApplicationTests              : No active profile set, falling back to 1 default profile: "default"
2026-03-20T21:15:50.452+03:00  INFO 12612 --- [           main] app.BackendApplicationTests              : Started BackendApplicationTests in 1.444 seconds (process running for 2.662)
Test çalıştı!
]]></system-out>
  </testcase>
</testsuite>